<?xml version="1.0" encoding="UTF-8"?>
<coverage generated="1762243676678" clover="3.2.0">
  <project timestamp="1762243676678" name="All files">
    <metrics statements="78" coveredstatements="43" conditionals="20" coveredconditionals="7" methods="13" coveredmethods="7" elements="111" coveredelements="57" complexity="0" loc="78" ncloc="78" packages="2" files="3" classes="3"/>
    <package name="resonance-core">
      <metrics statements="18" coveredstatements="16" conditionals="2" coveredconditionals="1" methods="3" coveredmethods="2"/>
      <file name="kuramoto.ts" path="/Users/Apple/Downloads/Resonance/resonance/resonance-core/kuramoto.ts">
        <metrics statements="18" coveredstatements="16" conditionals="2" coveredconditionals="1" methods="3" coveredmethods="2"/>
        <line num="15" count="1" type="stmt"/>
        <line num="16" count="4" type="cond" truecount="1" falsecount="1"/>
        <line num="17" count="4" type="stmt"/>
        <line num="18" count="4" type="stmt"/>
        <line num="20" count="4" type="stmt"/>
        <line num="21" count="16" type="stmt"/>
        <line num="22" count="16" type="stmt"/>
        <line num="25" count="4" type="stmt"/>
        <line num="26" count="4" type="stmt"/>
        <line num="27" count="4" type="stmt"/>
        <line num="28" count="4" type="stmt"/>
        <line num="30" count="4" type="stmt"/>
        <line num="37" count="1" type="stmt"/>
        <line num="38" count="1" type="stmt"/>
        <line num="39" count="1" type="stmt"/>
        <line num="46" count="1" type="stmt"/>
        <line num="47" count="0" type="stmt"/>
        <line num="48" count="0" type="stmt"/>
      </file>
    </package>
    <package name="spectral">
      <metrics statements="60" coveredstatements="27" conditionals="18" coveredconditionals="6" methods="10" coveredmethods="5"/>
      <file name="plv.ts" path="/Users/Apple/Downloads/Resonance/resonance/spectral/plv.ts">
        <metrics statements="45" coveredstatements="13" conditionals="8" coveredconditionals="0" methods="5" coveredmethods="1"/>
        <line num="19" count="1" type="stmt"/>
        <line num="20" count="3" type="stmt"/>
        <line num="22" count="3" type="cond" truecount="0" falsecount="1"/>
        <line num="24" count="3" type="stmt"/>
        <line num="25" count="3" type="stmt"/>
        <line num="27" count="3" type="stmt"/>
        <line num="28" count="12" type="stmt"/>
        <line num="29" count="12" type="stmt"/>
        <line num="30" count="12" type="stmt"/>
        <line num="33" count="3" type="stmt"/>
        <line num="34" count="3" type="stmt"/>
        <line num="45" count="1" type="stmt"/>
        <line num="49" count="0" type="stmt"/>
        <line num="51" count="0" type="stmt"/>
        <line num="52" count="0" type="stmt"/>
        <line num="53" count="0" type="stmt"/>
        <line num="54" count="0" type="stmt"/>
        <line num="59" count="0" type="stmt"/>
        <line num="61" count="0" type="stmt"/>
        <line num="68" count="1" type="stmt"/>
        <line num="72" count="0" type="stmt"/>
        <line num="73" count="0" type="stmt"/>
        <line num="76" count="0" type="stmt"/>
        <line num="77" count="0" type="stmt"/>
        <line num="78" count="0" type="stmt"/>
        <line num="79" count="0" type="cond" truecount="0" falsecount="1"/>
        <line num="80" count="0" type="stmt"/>
        <line num="81" count="0" type="stmt"/>
        <line num="87" count="0" type="stmt"/>
        <line num="88" count="0" type="stmt"/>
        <line num="90" count="0" type="stmt"/>
        <line num="91" count="0" type="cond" truecount="0" falsecount="1"/>
        <line num="93" count="0" type="stmt"/>
        <line num="94" count="0" type="stmt"/>
        <line num="96" count="0" type="stmt"/>
        <line num="97" count="0" type="stmt"/>
        <line num="98" count="0" type="cond" truecount="0" falsecount="1"/>
        <line num="100" count="0" type="stmt"/>
        <line num="101" count="0" type="stmt"/>
        <line num="103" count="0" type="stmt"/>
        <line num="104" count="0" type="cond" truecount="0" falsecount="1"/>
        <line num="105" count="0" type="stmt"/>
        <line num="110" count="0" type="cond" truecount="0" falsecount="1"/>
        <line num="111" count="0" type="stmt"/>
        <line num="115" count="0" type="stmt"/>
      </file>
      <file name="spectral_entropy.ts" path="/Users/Apple/Downloads/Resonance/resonance/spectral/spectral_entropy.ts">
        <metrics statements="15" coveredstatements="14" conditionals="10" coveredconditionals="6" methods="5" coveredmethods="4"/>
        <line num="18" count="1" type="stmt"/>
        <line num="19" count="15" type="cond" truecount="1" falsecount="1"/>
        <line num="22" count="15" type="cond" truecount="2" falsecount="0"/>
        <line num="25" count="2" type="stmt"/>
        <line num="26" count="2" type="stmt"/>
        <line num="27" count="15" type="cond" truecount="1" falsecount="0"/>
        <line num="28" count="15" type="stmt"/>
        <line num="33" count="2" type="stmt"/>
        <line num="35" count="2" type="stmt"/>
        <line num="41" count="1" type="cond" truecount="0" falsecount="1"/>
        <line num="42" count="0" type="cond" truecount="0" falsecount="2"/>
        <line num="48" count="1" type="stmt"/>
        <line num="49" count="3" type="cond" truecount="1" falsecount="0"/>
        <line num="50" count="2" type="cond" truecount="1" falsecount="0"/>
        <line num="51" count="1" type="stmt"/>
      </file>
    </package>
  </project>
</coverage>
