{"/Users/Apple/Downloads/Resonance/resonance/resonance-core/kuramoto.ts": {"path":"/Users/Apple/Downloads/Resonance/resonance/resonance-core/kuramoto.ts","statementMap":{"0":{"start":{"line":15,"column":0},"end":{"line":15,"column":16}},"1":{"start":{"line":37,"column":0},"end":{"line":37,"column":16}},"2":{"start":{"line":46,"column":0},"end":{"line":46,"column":16}},"3":{"start":{"line":16,"column":12},"end":{"line":16,"column":30}},"4":{"start":{"line":17,"column":14},"end":{"line":17,"column":15}},"5":{"start":{"line":18,"column":14},"end":{"line":18,"column":15}},"6":{"start":{"line":20,"column":2},"end":{"line":23,"column":3}},"7":{"start":{"line":21,"column":4},"end":{"line":21,"column":26}},"8":{"start":{"line":22,"column":4},"end":{"line":22,"column":26}},"9":{"start":{"line":25,"column":13},"end":{"line":25,"column":22}},"10":{"start":{"line":26,"column":13},"end":{"line":26,"column":22}},"11":{"start":{"line":27,"column":12},"end":{"line":27,"column":56}},"12":{"start":{"line":28,"column":14},"end":{"line":28,"column":32}},"13":{"start":{"line":30,"column":2},"end":{"line":30,"column":20}},"14":{"start":{"line":38,"column":16},"end":{"line":38,"column":38}},"15":{"start":{"line":39,"column":2},"end":{"line":39,"column":15}},"16":{"start":{"line":47,"column":16},"end":{"line":47,"column":38}},"17":{"start":{"line":48,"column":2},"end":{"line":48,"column":37}}},"fnMap":{"0":{"name":"orderParameter","decl":{"start":{"line":15,"column":16},"end":{"line":15,"column":30}},"loc":{"start":{"line":15,"column":47},"end":{"line":31,"column":1}}},"1":{"name":"phaseDispersion","decl":{"start":{"line":37,"column":16},"end":{"line":37,"column":31}},"loc":{"start":{"line":37,"column":48},"end":{"line":40,"column":1}}},"2":{"name":"circularStdDev","decl":{"start":{"line":46,"column":16},"end":{"line":46,"column":30}},"loc":{"start":{"line":46,"column":47},"end":{"line":49,"column":1}}}},"branchMap":{"0":{"loc":{"start":{"line":16,"column":12},"end":{"line":16,"column":30}},"type":"binary-expr","locations":[{"start":{"line":16,"column":12},"end":{"line":16,"column":25}},{"start":{"line":16,"column":29},"end":{"line":16,"column":30}}]}},"s":{"0":1,"1":1,"2":1,"3":4,"4":4,"5":4,"6":4,"7":16,"8":16,"9":4,"10":4,"11":4,"12":4,"13":4,"14":1,"15":1,"16":0,"17":0},"f":{"0":4,"1":1,"2":0},"b":{"0":[4,0]}}
,"/Users/Apple/Downloads/Resonance/resonance/spectral/plv.ts": {"path":"/Users/Apple/Downloads/Resonance/resonance/spectral/plv.ts","statementMap":{"0":{"start":{"line":19,"column":0},"end":{"line":19,"column":16}},"1":{"start":{"line":45,"column":0},"end":{"line":45,"column":16}},"2":{"start":{"line":68,"column":0},"end":{"line":68,"column":16}},"3":{"start":{"line":20,"column":12},"end":{"line":20,"column":52}},"4":{"start":{"line":22,"column":2},"end":{"line":22,"column":24}},"5":{"start":{"line":22,"column":15},"end":{"line":22,"column":24}},"6":{"start":{"line":24,"column":11},"end":{"line":24,"column":12}},"7":{"start":{"line":25,"column":11},"end":{"line":25,"column":12}},"8":{"start":{"line":27,"column":2},"end":{"line":31,"column":3}},"9":{"start":{"line":27,"column":15},"end":{"line":27,"column":16}},"10":{"start":{"line":28,"column":14},"end":{"line":28,"column":37}},"11":{"start":{"line":29,"column":4},"end":{"line":29,"column":22}},"12":{"start":{"line":30,"column":4},"end":{"line":30,"column":22}},"13":{"start":{"line":33,"column":20},"end":{"line":33,"column":42}},"14":{"start":{"line":34,"column":2},"end":{"line":34,"column":45}},"15":{"start":{"line":49,"column":49},"end":{"line":49,"column":51}},"16":{"start":{"line":51,"column":2},"end":{"line":56,"column":3}},"17":{"start":{"line":51,"column":15},"end":{"line":51,"column":16}},"18":{"start":{"line":52,"column":4},"end":{"line":55,"column":5}},"19":{"start":{"line":52,"column":17},"end":{"line":52,"column":22}},"20":{"start":{"line":53,"column":20},"end":{"line":53,"column":45}},"21":{"start":{"line":54,"column":6},"end":{"line":54,"column":32}},"22":{"start":{"line":59,"column":2},"end":{"line":59,"column":36}},"23":{"start":{"line":59,"column":23},"end":{"line":59,"column":34}},"24":{"start":{"line":61,"column":2},"end":{"line":61,"column":30}},"25":{"start":{"line":72,"column":12},"end":{"line":72,"column":25}},"26":{"start":{"line":73,"column":26},"end":{"line":73,"column":60}},"27":{"start":{"line":73,"column":57},"end":{"line":73,"column":59}},"28":{"start":{"line":76,"column":2},"end":{"line":84,"column":3}},"29":{"start":{"line":76,"column":15},"end":{"line":76,"column":16}},"30":{"start":{"line":77,"column":4},"end":{"line":83,"column":5}},"31":{"start":{"line":77,"column":17},"end":{"line":77,"column":22}},"32":{"start":{"line":78,"column":16},"end":{"line":78,"column":41}},"33":{"start":{"line":79,"column":6},"end":{"line":82,"column":7}},"34":{"start":{"line":80,"column":8},"end":{"line":80,"column":23}},"35":{"start":{"line":81,"column":8},"end":{"line":81,"column":23}},"36":{"start":{"line":87,"column":18},"end":{"line":87,"column":35}},"37":{"start":{"line":88,"column":34},"end":{"line":88,"column":36}},"38":{"start":{"line":90,"column":2},"end":{"line":113,"column":3}},"39":{"start":{"line":90,"column":15},"end":{"line":90,"column":16}},"40":{"start":{"line":91,"column":4},"end":{"line":91,"column":33}},"41":{"start":{"line":91,"column":24},"end":{"line":91,"column":33}},"42":{"start":{"line":93,"column":32},"end":{"line":93,"column":34}},"43":{"start":{"line":94,"column":18},"end":{"line":94,"column":21}},"44":{"start":{"line":96,"column":4},"end":{"line":108,"column":5}},"45":{"start":{"line":97,"column":19},"end":{"line":97,"column":31}},"46":{"start":{"line":98,"column":6},"end":{"line":98,"column":38}},"47":{"start":{"line":98,"column":29},"end":{"line":98,"column":38}},"48":{"start":{"line":100,"column":6},"end":{"line":100,"column":24}},"49":{"start":{"line":101,"column":6},"end":{"line":101,"column":27}},"50":{"start":{"line":103,"column":6},"end":{"line":107,"column":7}},"51":{"start":{"line":104,"column":8},"end":{"line":106,"column":9}},"52":{"start":{"line":105,"column":10},"end":{"line":105,"column":31}},"53":{"start":{"line":110,"column":4},"end":{"line":112,"column":5}},"54":{"start":{"line":111,"column":6},"end":{"line":111,"column":34}},"55":{"start":{"line":115,"column":2},"end":{"line":115,"column":21}}},"fnMap":{"0":{"name":"plv","decl":{"start":{"line":19,"column":16},"end":{"line":19,"column":19}},"loc":{"start":{"line":19,"column":56},"end":{"line":35,"column":1}}},"1":{"name":"plvMatrix","decl":{"start":{"line":45,"column":16},"end":{"line":45,"column":25}},"loc":{"start":{"line":47,"column":11},"end":{"line":62,"column":1}}},"2":{"name":"(anonymous_2)","decl":{"start":{"line":59,"column":13},"end":{"line":59,"column":14}},"loc":{"start":{"line":59,"column":23},"end":{"line":59,"column":34}}},"3":{"name":"detectCommunities","decl":{"start":{"line":68,"column":16},"end":{"line":68,"column":33}},"loc":{"start":{"line":70,"column":17},"end":{"line":116,"column":1}}},"4":{"name":"(anonymous_4)","decl":{"start":{"line":73,"column":51},"end":{"line":73,"column":54}},"loc":{"start":{"line":73,"column":57},"end":{"line":73,"column":59}}}},"branchMap":{"0":{"loc":{"start":{"line":22,"column":2},"end":{"line":22,"column":24}},"type":"if","locations":[{"start":{"line":22,"column":2},"end":{"line":22,"column":24}}]},"1":{"loc":{"start":{"line":47,"column":2},"end":{"line":47,"column":11}},"type":"default-arg","locations":[{"start":{"line":47,"column":9},"end":{"line":47,"column":11}}]},"2":{"loc":{"start":{"line":70,"column":2},"end":{"line":70,"column":17}},"type":"default-arg","locations":[{"start":{"line":70,"column":14},"end":{"line":70,"column":17}}]},"3":{"loc":{"start":{"line":79,"column":6},"end":{"line":82,"column":7}},"type":"if","locations":[{"start":{"line":79,"column":6},"end":{"line":82,"column":7}}]},"4":{"loc":{"start":{"line":91,"column":4},"end":{"line":91,"column":33}},"type":"if","locations":[{"start":{"line":91,"column":4},"end":{"line":91,"column":33}}]},"5":{"loc":{"start":{"line":98,"column":6},"end":{"line":98,"column":38}},"type":"if","locations":[{"start":{"line":98,"column":6},"end":{"line":98,"column":38}}]},"6":{"loc":{"start":{"line":104,"column":8},"end":{"line":106,"column":9}},"type":"if","locations":[{"start":{"line":104,"column":8},"end":{"line":106,"column":9}}]},"7":{"loc":{"start":{"line":110,"column":4},"end":{"line":112,"column":5}},"type":"if","locations":[{"start":{"line":110,"column":4},"end":{"line":112,"column":5}}]}},"s":{"0":1,"1":1,"2":1,"3":3,"4":3,"5":0,"6":3,"7":3,"8":3,"9":3,"10":12,"11":12,"12":12,"13":3,"14":3,"15":0,"16":0,"17":0,"18":0,"19":0,"20":0,"21":0,"22":0,"23":0,"24":0,"25":0,"26":0,"27":0,"28":0,"29":0,"30":0,"31":0,"32":0,"33":0,"34":0,"35":0,"36":0,"37":0,"38":0,"39":0,"40":0,"41":0,"42":0,"43":0,"44":0,"45":0,"46":0,"47":0,"48":0,"49":0,"50":0,"51":0,"52":0,"53":0,"54":0,"55":0},"f":{"0":3,"1":0,"2":0,"3":0,"4":0},"b":{"0":[0],"1":[0],"2":[0],"3":[0],"4":[0],"5":[0],"6":[0],"7":[0]}}
,"/Users/Apple/Downloads/Resonance/resonance/spectral/spectral_entropy.ts": {"path":"/Users/Apple/Downloads/Resonance/resonance/spectral/spectral_entropy.ts","statementMap":{"0":{"start":{"line":18,"column":0},"end":{"line":18,"column":16}},"1":{"start":{"line":41,"column":0},"end":{"line":41,"column":16}},"2":{"start":{"line":48,"column":0},"end":{"line":48,"column":16}},"3":{"start":{"line":19,"column":14},"end":{"line":19,"column":49}},"4":{"start":{"line":19,"column":35},"end":{"line":19,"column":40}},"5":{"start":{"line":22,"column":12},"end":{"line":22,"column":53}},"6":{"start":{"line":22,"column":27},"end":{"line":22,"column":52}},"7":{"start":{"line":25,"column":10},"end":{"line":25,"column":11}},"8":{"start":{"line":26,"column":2},"end":{"line":30,"column":3}},"9":{"start":{"line":27,"column":4},"end":{"line":29,"column":5}},"10":{"start":{"line":28,"column":6},"end":{"line":28,"column":29}},"11":{"start":{"line":33,"column":15},"end":{"line":33,"column":33}},"12":{"start":{"line":35,"column":2},"end":{"line":35,"column":18}},"13":{"start":{"line":42,"column":2},"end":{"line":42,"column":50}},"14":{"start":{"line":49,"column":2},"end":{"line":49,"column":40}},"15":{"start":{"line":49,"column":21},"end":{"line":49,"column":40}},"16":{"start":{"line":50,"column":2},"end":{"line":50,"column":40}},"17":{"start":{"line":50,"column":21},"end":{"line":50,"column":40}},"18":{"start":{"line":51,"column":2},"end":{"line":51,"column":19}}},"fnMap":{"0":{"name":"spectralEntropy","decl":{"start":{"line":18,"column":16},"end":{"line":18,"column":31}},"loc":{"start":{"line":18,"column":45},"end":{"line":36,"column":1}}},"1":{"name":"(anonymous_1)","decl":{"start":{"line":19,"column":25},"end":{"line":19,"column":26}},"loc":{"start":{"line":19,"column":35},"end":{"line":19,"column":40}}},"2":{"name":"(anonymous_2)","decl":{"start":{"line":22,"column":20},"end":{"line":22,"column":21}},"loc":{"start":{"line":22,"column":27},"end":{"line":22,"column":52}}},"3":{"name":"isEntropyInBand","decl":{"start":{"line":41,"column":16},"end":{"line":41,"column":31}},"loc":{"start":{"line":41,"column":84},"end":{"line":43,"column":1}}},"4":{"name":"getEntropyState","decl":{"start":{"line":48,"column":16},"end":{"line":48,"column":31}},"loc":{"start":{"line":48,"column":47},"end":{"line":52,"column":1}}}},"branchMap":{"0":{"loc":{"start":{"line":19,"column":14},"end":{"line":19,"column":49}},"type":"binary-expr","locations":[{"start":{"line":19,"column":14},"end":{"line":19,"column":44}},{"start":{"line":19,"column":48},"end":{"line":19,"column":49}}]},"1":{"loc":{"start":{"line":22,"column":28},"end":{"line":22,"column":45}},"type":"cond-expr","locations":[{"start":{"line":22,"column":36},"end":{"line":22,"column":37}},{"start":{"line":22,"column":40},"end":{"line":22,"column":45}}]},"2":{"loc":{"start":{"line":27,"column":4},"end":{"line":29,"column":5}},"type":"if","locations":[{"start":{"line":27,"column":4},"end":{"line":29,"column":5}}]},"3":{"loc":{"start":{"line":41,"column":49},"end":{"line":41,"column":84}},"type":"default-arg","locations":[{"start":{"line":41,"column":74},"end":{"line":41,"column":84}}]},"4":{"loc":{"start":{"line":42,"column":9},"end":{"line":42,"column":49}},"type":"binary-expr","locations":[{"start":{"line":42,"column":9},"end":{"line":42,"column":27}},{"start":{"line":42,"column":31},"end":{"line":42,"column":49}}]},"5":{"loc":{"start":{"line":49,"column":2},"end":{"line":49,"column":40}},"type":"if","locations":[{"start":{"line":49,"column":2},"end":{"line":49,"column":40}}]},"6":{"loc":{"start":{"line":50,"column":2},"end":{"line":50,"column":40}},"type":"if","locations":[{"start":{"line":50,"column":2},"end":{"line":50,"column":40}}]}},"s":{"0":1,"1":1,"2":1,"3":2,"4":15,"5":2,"6":15,"7":2,"8":2,"9":15,"10":15,"11":2,"12":2,"13":0,"14":3,"15":1,"16":2,"17":1,"18":1},"f":{"0":2,"1":15,"2":15,"3":0,"4":3},"b":{"0":[2,0],"1":[11,4],"2":[15],"3":[0],"4":[0,0],"5":[1],"6":[1]}}
}
