TN:
SF:resonance-core/kuramoto.ts
FN:15,orderParameter
FN:37,phaseDispersion
FN:46,circularStdDev
FNF:3
FNH:2
FNDA:4,orderParameter
FNDA:1,phaseDispersion
FNDA:0,circularStdDev
DA:15,1
DA:16,4
DA:17,4
DA:18,4
DA:20,4
DA:21,16
DA:22,16
DA:25,4
DA:26,4
DA:27,4
DA:28,4
DA:30,4
DA:37,1
DA:38,1
DA:39,1
DA:46,1
DA:47,0
DA:48,0
LF:18
LH:16
BRDA:16,0,0,4
BRDA:16,0,1,0
BRF:2
BRH:1
end_of_record
TN:
SF:spectral/plv.ts
FN:19,plv
FN:45,plvMatrix
FN:59,(anonymous_2)
FN:68,detectCommunities
FN:73,(anonymous_4)
FNF:5
FNH:1
FNDA:3,plv
FNDA:0,plvMatrix
FNDA:0,(anonymous_2)
FNDA:0,detectCommunities
FNDA:0,(anonymous_4)
DA:19,1
DA:20,3
DA:22,3
DA:24,3
DA:25,3
DA:27,3
DA:28,12
DA:29,12
DA:30,12
DA:33,3
DA:34,3
DA:45,1
DA:49,0
DA:51,0
DA:52,0
DA:53,0
DA:54,0
DA:59,0
DA:61,0
DA:68,1
DA:72,0
DA:73,0
DA:76,0
DA:77,0
DA:78,0
DA:79,0
DA:80,0
DA:81,0
DA:87,0
DA:88,0
DA:90,0
DA:91,0
DA:93,0
DA:94,0
DA:96,0
DA:97,0
DA:98,0
DA:100,0
DA:101,0
DA:103,0
DA:104,0
DA:105,0
DA:110,0
DA:111,0
DA:115,0
LF:45
LH:13
BRDA:22,0,0,0
BRDA:47,1,0,0
BRDA:70,2,0,0
BRDA:79,3,0,0
BRDA:91,4,0,0
BRDA:98,5,0,0
BRDA:104,6,0,0
BRDA:110,7,0,0
BRF:8
BRH:0
end_of_record
TN:
SF:spectral/spectral_entropy.ts
FN:18,spectralEntropy
FN:19,(anonymous_1)
FN:22,(anonymous_2)
FN:41,isEntropyInBand
FN:48,getEntropyState
FNF:5
FNH:4
FNDA:2,spectralEntropy
FNDA:15,(anonymous_1)
FNDA:15,(anonymous_2)
FNDA:0,isEntropyInBand
FNDA:3,getEntropyState
DA:18,1
DA:19,15
DA:22,15
DA:25,2
DA:26,2
DA:27,15
DA:28,15
DA:33,2
DA:35,2
DA:41,1
DA:42,0
DA:48,1
DA:49,3
DA:50,2
DA:51,1
LF:15
LH:14
BRDA:19,0,0,2
BRDA:19,0,1,0
BRDA:22,1,0,11
BRDA:22,1,1,4
BRDA:27,2,0,15
BRDA:41,3,0,0
BRDA:42,4,0,0
BRDA:42,4,1,0
BRDA:49,5,0,1
BRDA:50,6,0,1
BRF:10
BRH:6
end_of_record
